[11-May-2025 14:31:16 UTC] PHP Fatal error:  Uncaught mysqli_sql_exception: No such file or directory in /home/runner/workspace/config/database.php:14
Stack trace:
#0 /home/runner/workspace/config/database.php(14): mysqli->__construct('localhost', 'root', Object(SensitiveParameterValue))
#1 /home/runner/workspace/config/config.php(32): require_once('/home/runner/wo...')
#2 /home/runner/workspace/includes/header.php(8): require_once('/home/runner/wo...')
#3 /home/runner/workspace/index.php(3): include_once('/home/runner/wo...')
#4 {main}
  thrown in /home/runner/workspace/config/database.php on line 14
[11-May-2025 14:33:43 UTC] PHP Warning:  pg_connect(): Unable to connect to PostgreSQL server: could not translate host name &quot;port=&quot; to address: Name or service not known in /home/runner/workspace/config/database.php on line 23
[11-May-2025 14:33:43 UTC] PHP Deprecated:  pg_last_error(): Automatic fetching of PostgreSQL connection is deprecated in /home/runner/workspace/config/database.php on line 27
[11-May-2025 14:33:43 UTC] PHP Fatal error:  Uncaught Error: No PostgreSQL connection opened yet in /home/runner/workspace/config/database.php:27
Stack trace:
#0 /home/runner/workspace/config/database.php(27): pg_last_error()
#1 /home/runner/workspace/config/config.php(32): require_once('/home/runner/wo...')
#2 /home/runner/workspace/includes/header.php(8): require_once('/home/runner/wo...')
#3 /home/runner/workspace/index.php(3): include_once('/home/runner/wo...')
#4 {main}
  thrown in /home/runner/workspace/config/database.php on line 27
[11-May-2025 14:33:43 UTC] PHP Warning:  pg_connect(): Unable to connect to PostgreSQL server: could not translate host name &quot;port=&quot; to address: Name or service not known in /home/runner/workspace/config/database.php on line 23
[11-May-2025 14:33:43 UTC] PHP Deprecated:  pg_last_error(): Automatic fetching of PostgreSQL connection is deprecated in /home/runner/workspace/config/database.php on line 27
[11-May-2025 14:33:43 UTC] PHP Fatal error:  Uncaught Error: No PostgreSQL connection opened yet in /home/runner/workspace/config/database.php:27
Stack trace:
#0 /home/runner/workspace/config/database.php(27): pg_last_error()
#1 /home/runner/workspace/config/config.php(32): require_once('/home/runner/wo...')
#2 /home/runner/workspace/includes/header.php(8): require_once('/home/runner/wo...')
#3 /home/runner/workspace/index.php(3): include_once('/home/runner/wo...')
#4 {main}
  thrown in /home/runner/workspace/config/database.php on line 27
[11-May-2025 16:07:51 UTC] PHP Fatal error:  Uncaught Error: Call to undefined method PgSql\Connection::prepare() in /home/runner/workspace/config/config.php:43
Stack trace:
#0 /home/runner/workspace/config/config.php(57): getSetting('site_name')
#1 /home/runner/workspace/includes/header.php(8): require_once('/home/runner/wo...')
#2 /home/runner/workspace/index.php(3): include_once('/home/runner/wo...')
#3 {main}
  thrown in /home/runner/workspace/config/config.php on line 43
[11-May-2025 16:12:08 UTC] PHP Warning:  pg_query(): Query failed: ERROR:  operator does not exist: boolean = integer
LINE 1: SELECT * FROM products WHERE is_available = 1 ORDER BY id DE...
                                                  ^
HINT:  No operator matches the given name and argument types. You might need to add explicit type casts. in /home/runner/workspace/includes/db.php on line 40
[11-May-2025 16:12:09 UTC] PHP Warning:  pg_query(): Query failed: ERROR:  operator does not exist: boolean = integer
LINE 1: SELECT * FROM products WHERE is_available = 1 ORDER BY id DE...
                                                  ^
HINT:  No operator matches the given name and argument types. You might need to add explicit type casts. in /home/runner/workspace/includes/db.php on line 40
[11-May-2025 16:20:20 UTC] PHP Fatal error:  Uncaught Error: Call to undefined method PgSql\Connection::query() in /home/runner/workspace/products.php:22
Stack trace:
#0 {main}
  thrown in /home/runner/workspace/products.php on line 22
[11-May-2025 16:20:22 UTC] PHP Fatal error:  Uncaught Error: Call to undefined method PgSql\Connection::query() in /home/runner/workspace/products.php:22
Stack trace:
#0 {main}
  thrown in /home/runner/workspace/products.php on line 22
[11-May-2025 16:32:36 UTC] PHP Warning:  pg_query(): Query failed: ERROR:  operator does not exist: boolean = integer
LINE 1: SELECT * FROM products WHERE is_available = 1 ORDER BY id DE...
                                                  ^
HINT:  No operator matches the given name and argument types. You might need to add explicit type casts. in /home/runner/workspace/includes/db.php on line 40
[11-May-2025 16:32:42 UTC] PHP Fatal error:  Uncaught Error: Call to undefined method PgSql\Connection::query() in /home/runner/workspace/products.php:22
Stack trace:
#0 {main}
  thrown in /home/runner/workspace/products.php on line 22
[11-May-2025 16:32:51 UTC] PHP Warning:  pg_query(): Query failed: ERROR:  operator does not exist: boolean = integer
LINE 1: SELECT * FROM products WHERE is_available = 1 ORDER BY id DE...
                                                  ^
HINT:  No operator matches the given name and argument types. You might need to add explicit type casts. in /home/runner/workspace/includes/db.php on line 40
[11-May-2025 16:35:10 UTC] PHP Warning:  pg_query(): Query failed: ERROR:  operator does not exist: boolean = integer
LINE 1: SELECT * FROM products WHERE is_available = 1 ORDER BY id DE...
                                                  ^
HINT:  No operator matches the given name and argument types. You might need to add explicit type casts. in /home/runner/workspace/includes/db.php on line 40
[11-May-2025 18:17:22 UTC] PHP Warning:  pg_query(): Query failed: ERROR:  operator does not exist: boolean = integer
LINE 1: SELECT * FROM products WHERE is_available = 1 ORDER BY id DE...
                                                  ^
HINT:  No operator matches the given name and argument types. You might need to add explicit type casts. in /home/runner/workspace/includes/db.php on line 40
[11-May-2025 18:17:58 UTC] PHP Fatal error:  Uncaught Error: Call to undefined method PgSql\Connection::query() in /home/runner/workspace/products.php:22
Stack trace:
#0 {main}
  thrown in /home/runner/workspace/products.php on line 22
[11-May-2025 18:24:52 UTC] PHP Warning:  pg_query(): Query failed: ERROR:  operator does not exist: boolean = integer
LINE 1: SELECT * FROM products WHERE is_available = 1 ORDER BY id DE...
                                                  ^
HINT:  No operator matches the given name and argument types. You might need to add explicit type casts. in /home/runner/workspace/includes/db.php on line 40
[12-May-2025 00:39:51 UTC] PHP Warning:  Undefined property: PgSql\Connection::$server_info in /home/runner/workspace/admin/settings.php on line 156
[12-May-2025 23:41:56 UTC] PHP Warning:  pg_query(): Query failed: ERROR:  operator does not exist: boolean = integer
LINE 1: SELECT * FROM products WHERE is_available = 1 ORDER BY id DE...
                                                  ^
HINT:  No operator matches the given name and argument types. You might need to add explicit type casts. in /home/runner/workspace/includes/db.php on line 40
[12-May-2025 23:45:22 UTC] PHP Warning:  pg_query(): Query failed: ERROR:  operator does not exist: boolean = integer
LINE 1: SELECT * FROM products WHERE is_available = 1 ORDER BY id DE...
                                                  ^
HINT:  No operator matches the given name and argument types. You might need to add explicit type casts. in /home/runner/workspace/includes/db.php on line 40
[13-May-2025 00:09:33 UTC] PHP Warning:  pg_query(): Query failed: ERROR:  operator does not exist: boolean = integer
LINE 1: SELECT * FROM users WHERE is_admin = 0 ORDER BY created_at D...
                                           ^
HINT:  No operator matches the given name and argument types. You might need to add explicit type casts. in /home/runner/workspace/includes/db.php on line 40
[13-May-2025 00:21:16 UTC] PHP Warning:  pg_query(): Query failed: ERROR:  operator does not exist: boolean = integer
LINE 1: SELECT * FROM products WHERE is_available = 1 ORDER BY id DE...
                                                  ^
HINT:  No operator matches the given name and argument types. You might need to add explicit type casts. in /home/runner/workspace/includes/db.php on line 40
[13-May-2025 00:21:18 UTC] PHP Warning:  pg_query(): Query failed: ERROR:  operator does not exist: boolean = integer
LINE 1: SELECT * FROM products WHERE is_available = 1 ORDER BY id DE...
                                                  ^
HINT:  No operator matches the given name and argument types. You might need to add explicit type casts. in /home/runner/workspace/includes/db.php on line 40
[13-May-2025 00:23:36 UTC] PHP Warning:  pg_query(): Query failed: ERROR:  operator does not exist: boolean = integer
LINE 1: SELECT * FROM products WHERE is_available = 1 ORDER BY id DE...
                                                  ^
HINT:  No operator matches the given name and argument types. You might need to add explicit type casts. in /home/runner/workspace/includes/db.php on line 40
[13-May-2025 00:23:38 UTC] PHP Warning:  pg_query(): Query failed: ERROR:  operator does not exist: boolean = integer
LINE 1: SELECT * FROM products WHERE is_available = 1 ORDER BY id DE...
                                                  ^
HINT:  No operator matches the given name and argument types. You might need to add explicit type casts. in /home/runner/workspace/includes/db.php on line 40
[13-May-2025 00:24:48 UTC] PHP Warning:  pg_query(): Query failed: ERROR:  operator does not exist: boolean = integer
LINE 1: SELECT * FROM products WHERE is_available = 1 ORDER BY id DE...
                                                  ^
HINT:  No operator matches the given name and argument types. You might need to add explicit type casts. in /home/runner/workspace/includes/db.php on line 40
[13-May-2025 00:25:16 UTC] PHP Warning:  pg_query(): Query failed: ERROR:  operator does not exist: boolean = integer
LINE 1: SELECT * FROM products WHERE is_available = 1 ORDER BY id DE...
                                                  ^
HINT:  No operator matches the given name and argument types. You might need to add explicit type casts. in /home/runner/workspace/includes/db.php on line 40
[13-May-2025 00:25:18 UTC] PHP Warning:  pg_query(): Query failed: ERROR:  operator does not exist: boolean = integer
LINE 1: SELECT * FROM products WHERE is_available = 1 ORDER BY id DE...
                                                  ^
HINT:  No operator matches the given name and argument types. You might need to add explicit type casts. in /home/runner/workspace/includes/db.php on line 40
[13-May-2025 00:27:10 UTC] PHP Warning:  pg_query(): Query failed: ERROR:  operator does not exist: boolean = integer
LINE 1: ...CT * FROM products WHERE id != 5 AND is_available = 1 ORDER ...
                                                             ^
HINT:  No operator matches the given name and argument types. You might need to add explicit type casts. in /home/runner/workspace/includes/db.php on line 40
[13-May-2025 12:57:00 UTC] PHP Warning:  pg_query(): Query failed: ERROR:  operator does not exist: boolean = integer
LINE 1: SELECT * FROM products WHERE is_available = 1 ORDER BY id DE...
                                                  ^
HINT:  No operator matches the given name and argument types. You might need to add explicit type casts. in /home/runner/workspace/includes/db.php on line 40
[13-May-2025 13:08:09 UTC] PHP Warning:  pg_query(): Query failed: ERROR:  operator does not exist: boolean = integer
LINE 1: SELECT * FROM products WHERE is_available = 1 ORDER BY id DE...
                                                  ^
HINT:  No operator matches the given name and argument types. You might need to add explicit type casts. in /home/runner/workspace/includes/db.php on line 40
[13-May-2025 13:08:37 UTC] PHP Warning:  pg_query(): Query failed: ERROR:  operator does not exist: boolean = integer
LINE 1: ...CT * FROM products WHERE id != 5 AND is_available = 1 ORDER ...
                                                             ^
HINT:  No operator matches the given name and argument types. You might need to add explicit type casts. in /home/runner/workspace/includes/db.php on line 40
[13-May-2025 13:13:58 UTC] PHP Warning:  pg_query(): Query failed: ERROR:  operator does not exist: boolean = integer
LINE 1: SELECT * FROM products WHERE is_available = 1 ORDER BY id DE...
                                                  ^
HINT:  No operator matches the given name and argument types. You might need to add explicit type casts. in /home/runner/workspace/includes/db.php on line 40
[13-May-2025 13:13:59 UTC] PHP Warning:  pg_query(): Query failed: ERROR:  operator does not exist: boolean = integer
LINE 1: SELECT * FROM products WHERE is_available = 1 ORDER BY id DE...
                                                  ^
HINT:  No operator matches the given name and argument types. You might need to add explicit type casts. in /home/runner/workspace/includes/db.php on line 40
[13-May-2025 13:16:10 UTC] PHP Warning:  pg_query(): Query failed: ERROR:  operator does not exist: boolean = integer
LINE 1: SELECT * FROM products WHERE is_available = 1 ORDER BY id DE...
                                                  ^
HINT:  No operator matches the given name and argument types. You might need to add explicit type casts. in /home/runner/workspace/includes/db.php on line 40
[13-May-2025 13:16:13 UTC] PHP Warning:  pg_query(): Query failed: ERROR:  operator does not exist: boolean = integer
LINE 1: SELECT * FROM products WHERE is_available = 1 ORDER BY id DE...
                                                  ^
HINT:  No operator matches the given name and argument types. You might need to add explicit type casts. in /home/runner/workspace/includes/db.php on line 40
[13-May-2025 13:16:15 UTC] PHP Warning:  pg_query(): Query failed: ERROR:  operator does not exist: boolean = integer
LINE 1: SELECT * FROM products WHERE is_available = 1 ORDER BY id DE...
                                                  ^
HINT:  No operator matches the given name and argument types. You might need to add explicit type casts. in /home/runner/workspace/includes/db.php on line 40
[13-May-2025 13:18:11 UTC] PHP Warning:  pg_query(): Query failed: ERROR:  operator does not exist: boolean = integer
LINE 1: SELECT * FROM products WHERE is_available = 1 ORDER BY id DE...
                                                  ^
HINT:  No operator matches the given name and argument types. You might need to add explicit type casts. in /home/runner/workspace/includes/db.php on line 40
[13-May-2025 13:18:15 UTC] PHP Warning:  pg_query(): Query failed: ERROR:  operator does not exist: boolean = integer
LINE 1: SELECT * FROM products WHERE is_available = 1 ORDER BY id DE...
                                                  ^
HINT:  No operator matches the given name and argument types. You might need to add explicit type casts. in /home/runner/workspace/includes/db.php on line 40
[13-May-2025 13:18:18 UTC] PHP Warning:  pg_query(): Query failed: ERROR:  operator does not exist: boolean = integer
LINE 1: SELECT * FROM products WHERE is_available = 1 ORDER BY id DE...
                                                  ^
HINT:  No operator matches the given name and argument types. You might need to add explicit type casts. in /home/runner/workspace/includes/db.php on line 40
